20230627	14:27:23	1a55419b-638c-4392-b394-46d56f3149d7	Too Many Requests: Too many login attempts from this IP, please try again after 60 seconds	GET	/login	undefined
20230627	14:27:23	a68f9b60-61cf-48cf-bf2b-74fd29eb651c	Too Many Requests: Too many login attempts from this IP, please try again after 60 seconds	GET	/login	undefined
20230627	14:27:23	64ab1b7a-9baf-42b5-a279-26bd38ee9db3	Too Many Requests: Too many login attempts from this IP, please try again after 60 seconds	GET	/login	undefined
20230627	14:27:23	8b15ef55-5915-4d6e-8bee-efff68426604	Too Many Requests: Too many login attempts from this IP, please try again after 60 seconds	GET	/login	undefined
20230627	14:27:23	8f642e4d-893f-4175-9932-dc21e2198e98	Too Many Requests: Too many login attempts from this IP, please try again after 60 seconds	GET	/login	undefined
20230627	14:27:23	2be3f6ee-b933-4b89-9f4c-fbed6235af97	Too Many Requests: Too many login attempts from this IP, please try again after 60 seconds	GET	/login	undefined
20230627	14:27:23	21d9b94a-a9ed-42f8-a7b4-e94ea5008e67	Too Many Requests: Too many login attempts from this IP, please try again after 60 seconds	GET	/login	undefined
20230627	14:27:23	4b5648fe-e97f-4a34-ae2d-18124c5c76eb	Too Many Requests: Too many login attempts from this IP, please try again after 60 seconds	GET	/login	undefined
20230627	14:27:23	87e82136-d785-4f31-8a59-4c2a38ed3164	Too Many Requests: Too many login attempts from this IP, please try again after 60 seconds	GET	/login	undefined
20230627	14:27:23	054b7a9b-9ddc-432a-aa6b-2400a7a37165	Too Many Requests: Too many login attempts from this IP, please try again after 60 seconds	GET	/login	undefined
20230627	14:27:23	83009cdd-c8cd-4100-9290-02e4065850dd	Too Many Requests: Too many login attempts from this IP, please try again after 60 seconds	GET	/login	undefined
20230627	14:27:23	14f70365-00db-430e-a0a3-7a8f2906ee81	Too Many Requests: Too many login attempts from this IP, please try again after 60 seconds	GET	/login	undefined
20230627	14:27:23	5da5bef7-739e-44c8-8f6a-f4c4cece5277	Too Many Requests: Too many login attempts from this IP, please try again after 60 seconds	GET	/login	undefined
20230627	14:27:23	72a0c75c-980a-4851-aafc-138c4647cfc3	Too Many Requests: Too many login attempts from this IP, please try again after 60 seconds	GET	/login	undefined
20230627	14:27:23	c3b0a87b-259c-4ca1-8199-47cca05afa70	Too Many Requests: Too many login attempts from this IP, please try again after 60 seconds	GET	/login	undefined
20230627	14:27:23	30dec2e0-3960-4297-80af-9b6269b26bb3	Too Many Requests: Too many login attempts from this IP, please try again after 60 seconds	GET	/login	undefined
20230627	14:27:23	82fd5f87-d4a7-4768-b966-fbc6dc46d016	Too Many Requests: Too many login attempts from this IP, please try again after 60 seconds	GET	/login	undefined
20230627	14:27:23	1e8957fd-ad41-4895-ab0f-b4fc0571917a	Too Many Requests: Too many login attempts from this IP, please try again after 60 seconds	GET	/login	undefined
20230627	14:27:23	ca981e8b-eb15-4352-9b59-2877361cc9d9	Too Many Requests: Too many login attempts from this IP, please try again after 60 seconds	GET	/login	undefined
20230627	14:27:24	51b06ddd-3bdf-46e6-b3bd-e88ebb529773	Too Many Requests: Too many login attempts from this IP, please try again after 60 seconds	GET	/login	undefined
20230627	14:27:24	9f752cfe-096e-4859-a51f-6d65be17c0b7	Too Many Requests: Too many login attempts from this IP, please try again after 60 seconds	GET	/login	undefined
20230627	14:27:24	9536d665-587e-41ed-9caa-7f6b2593759e	Too Many Requests: Too many login attempts from this IP, please try again after 60 seconds	GET	/login	undefined
20230627	14:27:24	127c7e8b-235d-4c1f-bd82-8d94244b6d8d	Too Many Requests: Too many login attempts from this IP, please try again after 60 seconds	GET	/login	undefined
20230627	14:27:24	a3b81f45-1b1e-4b7f-b3e1-69afcb6830d4	Too Many Requests: Too many login attempts from this IP, please try again after 60 seconds	GET	/login	undefined
20230627	14:27:24	074747af-1690-4796-a076-6b567d29c025	Too Many Requests: Too many login attempts from this IP, please try again after 60 seconds	GET	/login	undefined
20230627	14:27:24	501dabb1-6bbe-491a-ab89-eb94090a9f7c	Too Many Requests: Too many login attempts from this IP, please try again after 60 seconds	GET	/login	undefined
20230627	14:27:24	bb254aab-b702-4d45-ac80-62d60f4c96c9	Too Many Requests: Too many login attempts from this IP, please try again after 60 seconds	GET	/login	undefined
20230627	14:27:24	c4869007-7116-465e-bed3-345d64a03fc6	Too Many Requests: Too many login attempts from this IP, please try again after 60 seconds	GET	/login	undefined
20230627	14:27:24	f03758bd-e922-4b25-bd92-405da723254f	Too Many Requests: Too many login attempts from this IP, please try again after 60 seconds	GET	/login	undefined
20230627	14:27:24	d823451c-3892-421f-a5b2-17f28bee0463	Too Many Requests: Too many login attempts from this IP, please try again after 60 seconds	GET	/login	undefined
20230627	14:27:24	49f52b8b-7805-4137-8369-8421e3b26731	Too Many Requests: Too many login attempts from this IP, please try again after 60 seconds	GET	/login	undefined
20230627	14:27:24	3867cee1-eaf6-46d9-8faa-e5a15f344fb5	Too Many Requests: Too many login attempts from this IP, please try again after 60 seconds	GET	/login	undefined
20230627	14:27:24	99e2f740-4d5b-4c08-878b-5789544e5aa0	Too Many Requests: Too many login attempts from this IP, please try again after 60 seconds	GET	/login	undefined
20230627	14:27:24	e4a5afbf-068a-42fe-b79d-c7bb1b063a91	Too Many Requests: Too many login attempts from this IP, please try again after 60 seconds	GET	/login	undefined
20230627	14:27:24	a1807846-d054-4146-81e4-6ceb80abc321	Too Many Requests: Too many login attempts from this IP, please try again after 60 seconds	GET	/login	undefined
20230627	14:27:24	cb1fc7cf-f79e-4136-b46f-4d183f30e9bd	Too Many Requests: Too many login attempts from this IP, please try again after 60 seconds	GET	/login	undefined
20230627	14:27:24	e6b92ec2-eefb-426a-8737-8b0c7a4e8a29	Too Many Requests: Too many login attempts from this IP, please try again after 60 seconds	GET	/login	undefined
20230627	14:27:25	1126ac56-7551-4060-a215-901b4ce9cc59	Too Many Requests: Too many login attempts from this IP, please try again after 60 seconds	GET	/login	undefined
20230627	14:27:25	2afdbdb4-d0c3-4c5c-b34d-efc2282cdd83	Too Many Requests: Too many login attempts from this IP, please try again after 60 seconds	GET	/login	undefined
20230627	14:27:30	f3e812bb-2dc8-4ee2-82b7-c80cf6829b51	Too Many Requests: Too many login attempts from this IP, please try again after 60 seconds	GET	/login	undefined
20230627	14:27:30	6419c03e-2c65-4f2a-9ec7-5e5bcdc35fdd	Too Many Requests: Too many login attempts from this IP, please try again after 60 seconds	GET	/login	undefined
20230627	14:27:30	2932280f-1e3f-4279-a4c2-bee242e64831	Too Many Requests: Too many login attempts from this IP, please try again after 60 seconds	GET	/login	undefined
20230627	14:27:30	99f502df-13e6-4428-b06a-cb63494db3f7	Too Many Requests: Too many login attempts from this IP, please try again after 60 seconds	GET	/login	undefined
20230627	14:27:30	726e87f4-1cbb-4ae2-b6ea-6c1ca5597c73	Too Many Requests: Too many login attempts from this IP, please try again after 60 seconds	GET	/login	undefined
20230627	14:27:30	7b529460-ec01-4878-85d3-495cae0e365c	Too Many Requests: Too many login attempts from this IP, please try again after 60 seconds	GET	/login	undefined
20230627	14:27:30	13e978a0-919a-4746-993f-cbd40fec1784	Too Many Requests: Too many login attempts from this IP, please try again after 60 seconds	GET	/login	undefined
20230627	14:27:30	1590b1ec-d0bd-4813-8581-7d5245d94f7d	Too Many Requests: Too many login attempts from this IP, please try again after 60 seconds	GET	/login	undefined
20230627	14:27:30	96ebaaef-8a82-42ba-85e7-c05719adc551	Too Many Requests: Too many login attempts from this IP, please try again after 60 seconds	GET	/login	undefined
20230627	14:27:30	08cc12eb-fab5-47e4-9bf4-c6472cb11423	Too Many Requests: Too many login attempts from this IP, please try again after 60 seconds	GET	/login	undefined
20230627	14:27:30	82da91d9-eb42-4322-a75f-e3003f42b375	Too Many Requests: Too many login attempts from this IP, please try again after 60 seconds	GET	/login	undefined
20230627	14:27:30	a9c050fc-2d53-475a-88fd-dd1c404c8632	Too Many Requests: Too many login attempts from this IP, please try again after 60 seconds	GET	/login	undefined
20230627	14:27:30	6c4adf97-dce9-45f3-bbdc-00827d54e824	Too Many Requests: Too many login attempts from this IP, please try again after 60 seconds	GET	/login	undefined
20230627	14:27:30	f35c4d70-49f0-4c19-b34b-54462e025390	Too Many Requests: Too many login attempts from this IP, please try again after 60 seconds	GET	/login	undefined
20230627	14:27:30	98f935ba-ecb6-434b-b008-37a92e3e7241	Too Many Requests: Too many login attempts from this IP, please try again after 60 seconds	GET	/login	undefined
20230627	14:27:30	5d3403cd-20e4-4857-afba-3a06724156d8	Too Many Requests: Too many login attempts from this IP, please try again after 60 seconds	GET	/login	undefined
20230627	14:27:30	eb939aa2-1e83-471f-bfdb-4c4397a5f12a	Too Many Requests: Too many login attempts from this IP, please try again after 60 seconds	GET	/login	undefined
20230627	14:27:30	cfdf67f7-6115-4050-9170-31a79bfa4643	Too Many Requests: Too many login attempts from this IP, please try again after 60 seconds	GET	/login	undefined
20230627	14:27:30	e10ad6d8-1797-462e-a6fd-9011965b72dc	Too Many Requests: Too many login attempts from this IP, please try again after 60 seconds	GET	/login	undefined
20230627	14:27:30	2a988da8-13ee-4251-af83-90d0414c4fb6	Too Many Requests: Too many login attempts from this IP, please try again after 60 seconds	GET	/login	undefined
20230627	14:27:42	1934a53b-5e04-453a-b57a-bcfc10a522ea	Too Many Requests: Too many login attempts from this IP, please try again after 60 seconds	GET	/login	undefined
20230627	14:27:42	e492b520-4e79-46fa-802e-f2ec898b5f95	Too Many Requests: Too many login attempts from this IP, please try again after 60 seconds	GET	/login	undefined
20230627	14:27:42	3be6ed9f-864b-48d2-ac09-3c2e9252eaea	Too Many Requests: Too many login attempts from this IP, please try again after 60 seconds	GET	/login	undefined
20230627	14:27:42	2380bf7b-3ea5-4cbf-8103-ca5c95f2325c	Too Many Requests: Too many login attempts from this IP, please try again after 60 seconds	GET	/login	undefined
20230627	14:27:42	791f4ed3-bc17-432d-9e33-1c083279782f	Too Many Requests: Too many login attempts from this IP, please try again after 60 seconds	GET	/login	undefined
20230627	14:27:42	920afe73-709c-4688-9f9f-04ee95fccff3	Too Many Requests: Too many login attempts from this IP, please try again after 60 seconds	GET	/login	undefined
20230627	14:27:42	922d0328-93b1-460c-bc14-341a04a3deda	Too Many Requests: Too many login attempts from this IP, please try again after 60 seconds	GET	/login	undefined
20230627	14:27:42	58590806-c7d0-43b8-9052-3b2ee082d9d3	Too Many Requests: Too many login attempts from this IP, please try again after 60 seconds	GET	/login	undefined
20230627	14:27:42	7a9cf1be-0030-4b50-9d70-8feca916421e	Too Many Requests: Too many login attempts from this IP, please try again after 60 seconds	GET	/login	undefined
20230627	14:27:42	3937bd50-0d49-456a-a9a0-ad8d8afc49fe	Too Many Requests: Too many login attempts from this IP, please try again after 60 seconds	GET	/login	undefined
20230627	14:27:42	1225feb5-fe3b-4aed-9931-f6143edf5b20	Too Many Requests: Too many login attempts from this IP, please try again after 60 seconds	GET	/login	undefined
20230627	14:27:42	b737bdc4-220e-44fc-890c-62a0dcc5f64f	Too Many Requests: Too many login attempts from this IP, please try again after 60 seconds	GET	/login	undefined
20230627	14:27:42	90b49fbe-3413-417a-9a12-f95bcdcd47f7	Too Many Requests: Too many login attempts from this IP, please try again after 60 seconds	GET	/login	undefined
20230627	14:27:42	bb0dd6d1-9ff5-4b72-8385-ea7841aec256	Too Many Requests: Too many login attempts from this IP, please try again after 60 seconds	GET	/login	undefined
20230627	14:27:42	51559f0a-62c0-4c63-8b16-f0670791674f	Too Many Requests: Too many login attempts from this IP, please try again after 60 seconds	GET	/login	undefined
20230627	14:27:42	b74c8f11-c899-49ca-8d0e-0139adec48ad	Too Many Requests: Too many login attempts from this IP, please try again after 60 seconds	GET	/login	undefined
20230627	14:27:42	a02cc928-7cc8-40dd-8a2f-e9c72e55a991	Too Many Requests: Too many login attempts from this IP, please try again after 60 seconds	GET	/login	undefined
20230627	14:27:42	91ec4475-f391-4920-8c45-51307bf671f7	Too Many Requests: Too many login attempts from this IP, please try again after 60 seconds	GET	/login	undefined
20230627	14:27:42	b75c0cc6-fffb-4c5c-a762-886ea63a792a	Too Many Requests: Too many login attempts from this IP, please try again after 60 seconds	GET	/login	undefined
20230627	14:27:43	766591e2-79a5-446b-9fc3-e1070346b64c	Too Many Requests: Too many login attempts from this IP, please try again after 60 seconds	GET	/login	undefined
20230627	14:27:43	5d744898-d737-4388-8cd0-bb892d064cfd	Too Many Requests: Too many login attempts from this IP, please try again after 60 seconds	GET	/login	undefined
20230627	14:27:43	5a5aa7cf-ccec-47fc-be31-4e9ae4111096	Too Many Requests: Too many login attempts from this IP, please try again after 60 seconds	GET	/login	undefined
20230627	14:27:43	d30eb3a0-e803-41ed-8a1e-5b838ad0da38	Too Many Requests: Too many login attempts from this IP, please try again after 60 seconds	GET	/login	undefined
20230627	14:27:44	ddd332bd-558a-40d7-81df-6d7bf7953893	Too Many Requests: Too many login attempts from this IP, please try again after 60 seconds	GET	/login	undefined
20230627	14:27:44	b7b7cca4-b267-4ddf-af27-632075698c28	Too Many Requests: Too many login attempts from this IP, please try again after 60 seconds	GET	/login	undefined
20230627	14:27:44	b7921593-1a23-4be0-ba4e-f8ba70261ed5	Too Many Requests: Too many login attempts from this IP, please try again after 60 seconds	GET	/login	undefined
20230627	14:27:44	b415d0c3-152d-4825-9f08-cd11805ff92c	Too Many Requests: Too many login attempts from this IP, please try again after 60 seconds	GET	/login	undefined
20230627	14:27:44	be44cbd3-7702-4d34-8124-0f968cb76746	Too Many Requests: Too many login attempts from this IP, please try again after 60 seconds	GET	/login	undefined
20230627	14:27:44	39e89c8a-aad3-4a1d-8a8f-623717982e1d	Too Many Requests: Too many login attempts from this IP, please try again after 60 seconds	GET	/login	undefined
20230627	14:27:44	4fe74dfa-36d4-4b9f-830f-7b42d26eb59c	Too Many Requests: Too many login attempts from this IP, please try again after 60 seconds	GET	/login	undefined
20230627	14:27:44	c02719b9-5164-4a0b-adf2-99192154713d	Too Many Requests: Too many login attempts from this IP, please try again after 60 seconds	GET	/login	undefined
20230627	14:27:44	730dddd1-b6c0-4291-8224-926d9e5191be	Too Many Requests: Too many login attempts from this IP, please try again after 60 seconds	GET	/login	undefined
20230627	14:27:44	c37e826d-ac18-4642-8c1e-6c19838ba690	Too Many Requests: Too many login attempts from this IP, please try again after 60 seconds	GET	/login	undefined
20230627	14:27:44	cabace3c-8203-45f5-9631-454d2252667d	Too Many Requests: Too many login attempts from this IP, please try again after 60 seconds	GET	/login	undefined
20230627	14:27:44	198e27e7-dffe-4f1a-aad7-d0c80d029eee	Too Many Requests: Too many login attempts from this IP, please try again after 60 seconds	GET	/login	undefined
20230627	14:27:44	dd5188ab-a950-4d8f-af48-0ac611f4427d	Too Many Requests: Too many login attempts from this IP, please try again after 60 seconds	GET	/login	undefined
20230627	14:27:44	ad6d811b-79f7-49bd-92ba-fb38c7796762	Too Many Requests: Too many login attempts from this IP, please try again after 60 seconds	GET	/login	undefined
20230627	14:27:44	2290f1ff-9585-461e-8fa5-adcf8e76320b	Too Many Requests: Too many login attempts from this IP, please try again after 60 seconds	GET	/login	undefined
20230627	14:27:44	1528352c-e19d-4f63-8e12-e1199910b62e	Too Many Requests: Too many login attempts from this IP, please try again after 60 seconds	GET	/login	undefined
20230627	14:27:49	6573589a-4ae3-4cf3-b29a-778a738a5bd2	Too Many Requests: Too many login attempts from this IP, please try again after 60 seconds	GET	/login	undefined
20230627	14:27:49	42467e3f-8c73-4b16-ba6a-30d3a09969cf	Too Many Requests: Too many login attempts from this IP, please try again after 60 seconds	GET	/login	undefined
20230627	14:27:49	3d12144d-afa0-4f60-ab0c-e5433db35095	Too Many Requests: Too many login attempts from this IP, please try again after 60 seconds	GET	/login	undefined
20230627	14:27:49	9693c44e-827d-4542-a4fb-ea9fe6c6786a	Too Many Requests: Too many login attempts from this IP, please try again after 60 seconds	GET	/login	undefined
20230627	14:27:49	489029c4-1cf1-4ac4-a2c3-e74c08155204	Too Many Requests: Too many login attempts from this IP, please try again after 60 seconds	GET	/login	undefined
20230627	14:27:49	bb3081ec-7691-4c83-8fce-23652c13592f	Too Many Requests: Too many login attempts from this IP, please try again after 60 seconds	GET	/login	undefined
20230627	14:27:49	388ab0c3-1e7d-4a67-a9f7-ec68cb3a1811	Too Many Requests: Too many login attempts from this IP, please try again after 60 seconds	GET	/login	undefined
20230627	14:27:49	09b8d7f9-9488-432c-87c9-1e1e76c41e5d	Too Many Requests: Too many login attempts from this IP, please try again after 60 seconds	GET	/login	undefined
20230627	14:27:49	bfbd662a-aa98-4313-8d54-7c79a681d991	Too Many Requests: Too many login attempts from this IP, please try again after 60 seconds	GET	/login	undefined
20230627	14:27:49	093e1702-8c10-4366-a467-a47fd772b8e7	Too Many Requests: Too many login attempts from this IP, please try again after 60 seconds	GET	/login	undefined
20230627	14:27:49	4f807958-b5d7-4457-bf5f-32a6f9b103a8	Too Many Requests: Too many login attempts from this IP, please try again after 60 seconds	GET	/login	undefined
20230627	14:30:25	3aff0da1-5c90-4b8b-832d-f0cddc98575b	Too Many Requests: Too many login attempts from this IP, please try again after 60 seconds	GET	/login	undefined
20230627	14:30:29	2f8df802-4750-46e8-a789-05982cacc978	Too Many Requests: Too many login attempts from this IP, please try again after 60 seconds	GET	/login	undefined
20230627	14:30:30	3e0b8492-c27b-4db7-94e2-2ded4a907d58	Too Many Requests: Too many login attempts from this IP, please try again after 60 seconds	GET	/login	undefined
20230627	14:30:31	acd4f40e-8175-4704-97ef-a764da696529	Too Many Requests: Too many login attempts from this IP, please try again after 60 seconds	GET	/login	undefined
20230627	14:30:31	b6be8672-6fcc-4c8f-b4bd-9aeaadd950b3	Too Many Requests: Too many login attempts from this IP, please try again after 60 seconds	GET	/login	undefined
20230627	14:30:32	7c26fab3-0279-44ac-b579-21e9d5188dc2	Too Many Requests: Too many login attempts from this IP, please try again after 60 seconds	GET	/login	undefined
20230627	14:30:33	7e01b35e-c27f-4774-9589-0e0e230aff06	Too Many Requests: Too many login attempts from this IP, please try again after 60 seconds	GET	/login	undefined
20230627	14:30:45	0a803f69-bd63-4408-9cd2-b00ea5fc1023	Too Many Requests: Too many login attempts from this IP, please try again after 60 seconds	GET	/login	undefined
20230627	14:30:46	2433096e-3188-4a44-8372-23ec87521ba5	Too Many Requests: Too many login attempts from this IP, please try again after 60 seconds	GET	/login	undefined
20230627	14:30:46	8685ac78-cfd6-407b-a5cc-1e29202e4f93	Too Many Requests: Too many login attempts from this IP, please try again after 60 seconds	GET	/login	undefined
20230627	14:30:47	f30c2ed0-6093-446e-9b98-e3325e9ae9f3	Too Many Requests: Too many login attempts from this IP, please try again after 60 seconds	GET	/login	undefined
20230627	14:30:48	246aa24a-7292-4d49-8fce-7825ebfa999d	Too Many Requests: Too many login attempts from this IP, please try again after 60 seconds	GET	/login	undefined
20230627	14:30:48	bbb3a70b-953c-46db-83ec-5d1966390d07	Too Many Requests: Too many login attempts from this IP, please try again after 60 seconds	GET	/login	undefined
20230627	14:30:55	38c02fec-fb9e-44f5-8ab3-1bf13812c9ed	Too Many Requests: Too many login attempts from this IP, please try again after 60 seconds	GET	/login	undefined
20230627	14:31:04	67c2aee1-8d4b-4c8d-afb1-6870bfbcd208	Too Many Requests: Too many login attempts from this IP, please try again after 60 seconds	GET	/login	undefined
20230627	14:31:04	81e647ab-8189-4260-bb5c-538e169d61d2	Too Many Requests: Too many login attempts from this IP, please try again after 60 seconds	GET	/login	undefined
20230627	14:31:05	08c66c68-157a-4050-b818-5b5a867fcb67	Too Many Requests: Too many login attempts from this IP, please try again after 60 seconds	GET	/login	undefined
20230627	14:31:06	ffbbd806-f28d-4193-a1f6-826d6d6d81e8	Too Many Requests: Too many login attempts from this IP, please try again after 60 seconds	GET	/login	undefined
20230627	14:31:07	eb985b10-1f10-4bb8-a9e2-01ce024b3c7f	Too Many Requests: Too many login attempts from this IP, please try again after 60 seconds	GET	/login	undefined
20230627	14:31:28	b17d4d6e-7571-4873-b298-7ef6ff4f9baf	Too Many Requests: Too many login attempts from this IP, please try again after 60 seconds	GET	/login	undefined
20230627	14:31:30	da623117-5fbe-4289-804c-ad05236d1a54	Too Many Requests: Too many login attempts from this IP, please try again after 60 seconds	GET	/login	undefined
20230627	14:31:30	fd3dc75d-2f32-4327-a2c8-318fa5783492	Too Many Requests: Too many login attempts from this IP, please try again after 60 seconds	GET	/login	undefined
20230627	14:31:30	0daf5c18-91ba-4047-91d1-49f98522fd73	Too Many Requests: Too many login attempts from this IP, please try again after 60 seconds	GET	/login	undefined
20230627	16:24:02	d1422e11-ab64-4d77-a2b5-b6d52fdc2bdb	Too Many Requests: Too many login attempts from this IP, please try again after 60 seconds	GET	/login	undefined
20230627	16:25:38	2c2eb2a7-9db7-478a-bd8b-c178f4a55a96	Too Many Requests: Too many login attempts from this IP, please try again after 60 seconds	GET	/login	undefined
20230627	16:26:08	64e79323-6229-489a-bb5b-c10fb386e308	Too Many Requests: Too many login attempts from this IP, please try again after 60 seconds	GET	/login	undefined
20230627	16:28:30	c5886729-b359-4b1a-b581-e4818ef213c9	Too Many Requests: Too many login attempts from this IP, please try	GET	/login	undefined
20230627	18:35:45	fe229d51-6ece-4ba3-a342-bddb363a65e9	Too Many Requests: Too many login attempts from this IP, please try again	POST	/login	undefined
20230627	20:52:57	2c63edd9-ca42-4fbd-9d66-555bcaf8d3f8	Too Many Requests: Too many login attempts from this IP, please try again	GET	/login	undefined
20230627	20:53:28	0ac651b2-c58b-40fc-8e34-d92a1bea8a85	Too Many Requests: Too many login attempts from this IP, please try again	GET	/login	undefined
